<?xml version="1.0" encoding="UTF-8"?>
<testng-results ignored="0" total="1" passed="1" failed="0" skipped="0">
  <reporter-output>
  </reporter-output>
  <suite started-at="2022-04-23T13:59:38 IST" name="Default suite" finished-at="2022-04-23T14:00:03 IST" duration-ms="25208">
    <groups>
    </groups>
    <test started-at="2022-04-23T13:59:38 IST" name="Default test" finished-at="2022-04-23T14:00:03 IST" duration-ms="25208">
      <class name="cims.testcases.LoginPageTest">
        <test-method is-config="true" signature="setup()[pri:0, instance:cims.testcases.LoginPageTest@2ed2d9cb]" started-at="2022-04-23T13:59:38 IST" name="setup" finished-at="2022-04-23T13:59:58 IST" duration-ms="20145" status="PASS">
          <reporter-output>
          </reporter-output>
        </test-method> <!-- setup -->
        <test-method signature="authorizedUserLogin()[pri:1, instance:cims.testcases.LoginPageTest@2ed2d9cb]" started-at="2022-04-23T13:59:58 IST" name="authorizedUserLogin" finished-at="2022-04-23T14:00:01 IST" duration-ms="3214" status="PASS">
          <reporter-output>
          </reporter-output>
        </test-method> <!-- authorizedUserLogin -->
        <test-method is-config="true" signature="tearDown()[pri:0, instance:cims.testcases.LoginPageTest@2ed2d9cb]" started-at="2022-04-23T14:00:01 IST" name="tearDown" finished-at="2022-04-23T14:00:03 IST" duration-ms="1669" status="PASS">
          <reporter-output>
          </reporter-output>
        </test-method> <!-- tearDown -->
      </class> <!-- cims.testcases.LoginPageTest -->
    </test> <!-- Default test -->
  </suite> <!-- Default suite -->
</testng-results>
