<?xml version="1.0" encoding="UTF-8"?>
<testng-results ignored="0" total="2" passed="2" failed="0" skipped="0">
  <reporter-output>
  </reporter-output>
  <suite started-at="2022-04-23T11:14:34 IST" name="Default suite" finished-at="2022-04-23T11:15:29 IST" duration-ms="55165">
    <groups>
    </groups>
    <test started-at="2022-04-23T11:14:34 IST" name="Default test" finished-at="2022-04-23T11:15:29 IST" duration-ms="55165">
      <class name="digitalOnboard.testcases.CompanyRegistrationPageTest">
        <test-method is-config="true" signature="setup()[pri:0, instance:digitalOnboard.testcases.CompanyRegistrationPageTest@7bd4937b]" started-at="2022-04-23T11:14:41 IST" name="setup" finished-at="2022-04-23T11:15:00 IST" duration-ms="19558" status="PASS">
          <reporter-output>
          </reporter-output>
        </test-method> <!-- setup -->
        <test-method signature="registerNewUser(java.lang.String,java.lang.String,java.lang.String,java.lang.String,java.lang.String,java.lang.String)[pri:1, instance:digitalOnboard.testcases.CompanyRegistrationPageTest@7bd4937b]" started-at="2022-04-23T11:15:00 IST" name="registerNewUser" data-provider="getDigitalOnboardTestData" finished-at="2022-04-23T11:15:08 IST" duration-ms="7895" status="PASS">
          <params>
            <param index="0">
              <value>
                <![CDATA[TCS]]>
              </value>
            </param>
            <param index="1">
              <value>
                <![CDATA[1234]]>
              </value>
            </param>
            <param index="2">
              <value>
                <![CDATA[23451]]>
              </value>
            </param>
            <param index="3">
              <value>
                <![CDATA[manikandan]]>
              </value>
            </param>
            <param index="4">
              <value>
                <![CDATA[manikadn@gmail.com]]>
              </value>
            </param>
            <param index="5">
              <value>
                <![CDATA[3433441122]]>
              </value>
            </param>
          </params>
          <reporter-output>
          </reporter-output>
        </test-method> <!-- registerNewUser -->
        <test-method is-config="true" signature="tearDown()[pri:0, instance:digitalOnboard.testcases.CompanyRegistrationPageTest@7bd4937b]" started-at="2022-04-23T11:15:08 IST" name="tearDown" finished-at="2022-04-23T11:15:10 IST" duration-ms="1836" status="PASS">
          <reporter-output>
          </reporter-output>
        </test-method> <!-- tearDown -->
        <test-method is-config="true" signature="setup()[pri:0, instance:digitalOnboard.testcases.CompanyRegistrationPageTest@7bd4937b]" started-at="2022-04-23T11:15:10 IST" name="setup" finished-at="2022-04-23T11:15:20 IST" duration-ms="10421" status="PASS">
          <reporter-output>
          </reporter-output>
        </test-method> <!-- setup -->
        <test-method signature="registerNewUser(java.lang.String,java.lang.String,java.lang.String,java.lang.String,java.lang.String,java.lang.String)[pri:1, instance:digitalOnboard.testcases.CompanyRegistrationPageTest@7bd4937b]" started-at="2022-04-23T11:15:20 IST" name="registerNewUser" data-provider="getDigitalOnboardTestData" finished-at="2022-04-23T11:15:27 IST" duration-ms="7031" status="PASS">
          <params>
            <param index="0">
              <value>
                <![CDATA[HCL]]>
              </value>
            </param>
            <param index="1">
              <value>
                <![CDATA[777]]>
              </value>
            </param>
            <param index="2">
              <value>
                <![CDATA[4566]]>
              </value>
            </param>
            <param index="3">
              <value>
                <![CDATA[kumaran]]>
              </value>
            </param>
            <param index="4">
              <value>
                <![CDATA[kumaran@gamil.com]]>
              </value>
            </param>
            <param index="5">
              <value>
                <![CDATA[9011223311]]>
              </value>
            </param>
          </params>
          <reporter-output>
          </reporter-output>
        </test-method> <!-- registerNewUser -->
        <test-method is-config="true" signature="tearDown()[pri:0, instance:digitalOnboard.testcases.CompanyRegistrationPageTest@7bd4937b]" started-at="2022-04-23T11:15:28 IST" name="tearDown" finished-at="2022-04-23T11:15:29 IST" duration-ms="1297" status="PASS">
          <reporter-output>
          </reporter-output>
        </test-method> <!-- tearDown -->
      </class> <!-- digitalOnboard.testcases.CompanyRegistrationPageTest -->
    </test> <!-- Default test -->
  </suite> <!-- Default suite -->
</testng-results>
