<?xml version="1.0" encoding="UTF-8"?>
<!-- Generated by org.testng.reporters.JUnitXMLReporter -->
<testsuite ignored="0" hostname="DESKTOP-2LUI3MF" failures="0" tests="2" name="Default test" time="55.165" errors="0" timestamp="2022-04-23T11:15:29 IST">
  <testcase classname="digitalOnboard.testcases.CompanyRegistrationPageTest" name="registerNewUser" time="7.895"/>
  <testcase classname="digitalOnboard.testcases.CompanyRegistrationPageTest" name="registerNewUser" time="7.031"/>
</testsuite> <!-- Default test -->
