<?xml version="1.0" encoding="UTF-8"?>
<testng-results ignored="0" total="1" passed="1" failed="0" skipped="0">
  <reporter-output>
  </reporter-output>
  <suite started-at="2022-03-05T11:09:03 IST" name="Default suite" finished-at="2022-03-05T11:09:19 IST" duration-ms="16470">
    <groups>
    </groups>
    <test started-at="2022-03-05T11:09:03 IST" name="Default test" finished-at="2022-03-05T11:09:19 IST" duration-ms="16470">
      <class name="POM_TestPages.LoginPageNewTes">
        <test-method signature="checkLogin()[pri:0, instance:POM_TestPages.LoginPageNewTes@28f2a10f]" started-at="2022-03-05T11:09:03 IST" name="checkLogin" finished-at="2022-03-05T11:09:19 IST" duration-ms="16421" status="PASS">
          <reporter-output>
          </reporter-output>
        </test-method> <!-- checkLogin -->
      </class> <!-- POM_TestPages.LoginPageNewTes -->
    </test> <!-- Default test -->
  </suite> <!-- Default suite -->
</testng-results>
